<?xml version="1.0" encoding="UTF-8"?>
<!-- Generated by org.testng.reporters.JUnitXMLReporter -->
<testsuite hostname="DESKTOP-A93J1VV" name="Default test" tests="11" failures="0" timestamp="16 Nov 2021 09:32:30 GMT" time="122.551" errors="0">
  <testcase name="setdriver" time="16.174" classname="Runner.GiftShopRunner"/>
  <testcase name="openwebsite" time="3.63" classname="Runner.GiftShopRunner"/>
  <testcase name="searchprods" time="15.376" classname="Runner.GiftShopRunner"/>
  <testcase name="corporategift" time="9.757" classname="Runner.GiftShopRunner"/>
  <testcase name="personalized" time="21.484" classname="Runner.GiftShopRunner"/>
  <testcase name="shopbycategory" time="9.184" classname="Runner.GiftShopRunner"/>
  <testcase name="login" time="7.82" classname="Runner.GiftShopRunner"/>
  <testcase name="createaccount" time="13.569" classname="Runner.GiftShopRunner"/>
  <testcase name="giftcard" time="8.493" classname="Runner.GiftShopRunner"/>
  <testcase name="openwishlist" time="11.593" classname="Runner.GiftShopRunner"/>
  <testcase name="newsletter" time="3.532" classname="Runner.GiftShopRunner"/>
</testsuite> <!-- Default test -->
